<?xml version="1.0" encoding="UTF-8"?>
<testng-results ignored="0" total="6" passed="4" failed="2" skipped="0">
  <reporter-output>
  </reporter-output>
  <suite started-at="2026-04-01T15:34:37 IST" name="Suite" finished-at="2026-04-01T15:35:08 IST" duration-ms="31109">
    <groups>
      <group name="cucumber">
        <method signature="AbstractTestNGCucumberTests.runScenario(io.cucumber.testng.PickleWrapper,io.cucumber.testng.FeatureWrapper)[pri:0, instance:com.leafBot.testcases.TC001_LoginLogOut@6f03482]" name="runScenario" class="io.cucumber.testng.AbstractTestNGCucumberTests"/>
        <method signature="AbstractTestNGCucumberTests.runScenario(io.cucumber.testng.PickleWrapper,io.cucumber.testng.FeatureWrapper)[pri:0, instance:com.leafBot.testcases.TC003_CreateLead@7eac9008]" name="runScenario" class="io.cucumber.testng.AbstractTestNGCucumberTests"/>
      </group> <!-- cucumber -->
    </groups>
    <test started-at="2026-04-01T15:34:37 IST" name="Test" finished-at="2026-04-01T15:35:08 IST" duration-ms="31109">
      <class name="com.leafBot.testcases.TC001_LoginLogOut">
        <test-method is-config="true" signature="startReport()[pri:0, instance:com.leafBot.testcases.TC001_LoginLogOut@6f03482]" started-at="2026-04-01T15:34:36 IST" name="startReport" finished-at="2026-04-01T15:34:37 IST" duration-ms="456" status="PASS">
          <reporter-output>
          </reporter-output>
        </test-method> <!-- startReport -->
        <test-method is-config="true" signature="setValues()[pri:0, instance:com.leafBot.testcases.TC001_LoginLogOut@6f03482]" started-at="2026-04-01T15:34:37 IST" name="setValues" finished-at="2026-04-01T15:34:37 IST" duration-ms="2" status="PASS">
          <reporter-output>
          </reporter-output>
        </test-method> <!-- setValues -->
        <test-method is-config="true" signature="setUpClass(org.testng.ITestContext)[pri:0, instance:com.leafBot.testcases.TC001_LoginLogOut@6f03482]" started-at="2026-04-01T15:34:37 IST" name="setUpClass" finished-at="2026-04-01T15:34:37 IST" duration-ms="404" status="PASS">
          <params>
            <param index="0">
              <value>
                <![CDATA[org.testng.TestRunner@6d0b5baf]]>
              </value>
            </param>
          </params>
          <reporter-output>
          </reporter-output>
        </test-method> <!-- setUpClass -->
        <test-method is-config="true" signature="startTestCase()[pri:0, instance:com.leafBot.testcases.TC001_LoginLogOut@6f03482]" started-at="2026-04-01T15:34:37 IST" name="startTestCase" finished-at="2026-04-01T15:34:37 IST" duration-ms="17" status="PASS">
          <reporter-output>
          </reporter-output>
        </test-method> <!-- startTestCase -->
        <test-method is-config="true" signature="beforeMethod()[pri:0, instance:com.leafBot.testcases.TC001_LoginLogOut@6f03482]" started-at="2026-04-01T15:34:39 IST" name="beforeMethod" finished-at="2026-04-01T15:34:48 IST" duration-ms="9411" status="PASS">
          <reporter-output>
          </reporter-output>
        </test-method> <!-- beforeMethod -->
        <test-method signature="runVerifyLogin(java.lang.String,java.lang.String)[pri:0, instance:com.leafBot.testcases.TC001_LoginLogOut@6f03482]" started-at="2026-04-01T15:34:48 IST" name="runVerifyLogin" data-provider="fetchData" finished-at="2026-04-01T15:34:50 IST" duration-ms="1658" status="PASS">
          <params>
            <param index="0">
              <value>
                <![CDATA[DemoCSR]]>
              </value>
            </param>
            <param index="1">
              <value>
                <![CDATA[crmsfa]]>
              </value>
            </param>
          </params>
          <reporter-output>
          </reporter-output>
        </test-method> <!-- runVerifyLogin -->
        <test-method is-config="true" signature="afterMethod()[pri:0, instance:com.leafBot.testcases.TC001_LoginLogOut@6f03482]" started-at="2026-04-01T15:34:50 IST" name="afterMethod" finished-at="2026-04-01T15:34:50 IST" duration-ms="423" status="PASS">
          <reporter-output>
          </reporter-output>
        </test-method> <!-- afterMethod -->
        <test-method is-config="true" signature="tearDownClass()[pri:0, instance:com.leafBot.testcases.TC001_LoginLogOut@6f03482]" started-at="2026-04-01T15:34:50 IST" name="tearDownClass" finished-at="2026-04-01T15:34:50 IST" duration-ms="5" status="PASS">
          <reporter-output>
          </reporter-output>
        </test-method> <!-- tearDownClass -->
        <test-method is-config="true" signature="endResult()[pri:0, instance:com.leafBot.testcases.TC001_LoginLogOut@6f03482]" started-at="2026-04-01T15:35:08 IST" name="endResult" finished-at="2026-04-01T15:35:08 IST" duration-ms="570" status="PASS">
          <reporter-output>
          </reporter-output>
        </test-method> <!-- endResult -->
      </class> <!-- com.leafBot.testcases.TC001_LoginLogOut -->
      <class name="com.leafBot.testcases.TC003_CreateLead">
        <test-method is-config="true" signature="setData()[pri:0, instance:com.leafBot.testcases.TC003_CreateLead@7eac9008]" started-at="2026-04-01T15:34:37 IST" name="setData" finished-at="2026-04-01T15:34:37 IST" duration-ms="2" status="PASS">
          <reporter-output>
          </reporter-output>
        </test-method> <!-- setData -->
        <test-method is-config="true" signature="setUpClass(org.testng.ITestContext)[pri:0, instance:com.leafBot.testcases.TC003_CreateLead@7eac9008]" started-at="2026-04-01T15:34:37 IST" name="setUpClass" finished-at="2026-04-01T15:34:37 IST" duration-ms="406" status="PASS">
          <params>
            <param index="0">
              <value>
                <![CDATA[org.testng.TestRunner@6d0b5baf]]>
              </value>
            </param>
          </params>
          <reporter-output>
          </reporter-output>
        </test-method> <!-- setUpClass -->
        <test-method is-config="true" signature="startTestCase()[pri:0, instance:com.leafBot.testcases.TC003_CreateLead@7eac9008]" started-at="2026-04-01T15:34:37 IST" name="startTestCase" finished-at="2026-04-01T15:34:37 IST" duration-ms="16" status="PASS">
          <reporter-output>
          </reporter-output>
        </test-method> <!-- startTestCase -->
        <test-method is-config="true" signature="beforeMethod()[pri:0, instance:com.leafBot.testcases.TC003_CreateLead@7eac9008]" started-at="2026-04-01T15:34:39 IST" name="beforeMethod" finished-at="2026-04-01T15:34:48 IST" duration-ms="9180" status="PASS">
          <reporter-output>
          </reporter-output>
        </test-method> <!-- beforeMethod -->
        <test-method signature="createLead(java.lang.String,java.lang.String,java.lang.String,java.lang.String,java.lang.String,java.lang.String)[pri:0, instance:com.leafBot.testcases.TC003_CreateLead@7eac9008]" started-at="2026-04-01T15:34:48 IST" name="createLead" data-provider="fetchData" finished-at="2026-04-01T15:34:58 IST" duration-ms="10543" status="PASS">
          <params>
            <param index="0">
              <value>
                <![CDATA[DemoSalesManager]]>
              </value>
            </param>
            <param index="1">
              <value>
                <![CDATA[crmsfa]]>
              </value>
            </param>
            <param index="2">
              <value>
                <![CDATA[TestLeaf]]>
              </value>
            </param>
            <param index="3">
              <value>
                <![CDATA[Babu]]>
              </value>
            </param>
            <param index="4">
              <value>
                <![CDATA[M]]>
              </value>
            </param>
            <param index="5">
              <value>
                <![CDATA[babu@testleaf.com]]>
              </value>
            </param>
          </params>
          <reporter-output>
          </reporter-output>
        </test-method> <!-- createLead -->
        <test-method is-config="true" signature="afterMethod()[pri:0, instance:com.leafBot.testcases.TC003_CreateLead@7eac9008]" started-at="2026-04-01T15:34:58 IST" name="afterMethod" finished-at="2026-04-01T15:34:59 IST" duration-ms="272" status="PASS">
          <reporter-output>
          </reporter-output>
        </test-method> <!-- afterMethod -->
        <test-method is-config="true" signature="beforeMethod()[pri:0, instance:com.leafBot.testcases.TC003_CreateLead@7eac9008]" started-at="2026-04-01T15:34:59 IST" name="beforeMethod" finished-at="2026-04-01T15:35:06 IST" duration-ms="7574" status="PASS">
          <reporter-output>
          </reporter-output>
        </test-method> <!-- beforeMethod -->
        <test-method signature="createLead(java.lang.String,java.lang.String,java.lang.String,java.lang.String,java.lang.String,java.lang.String)[pri:0, instance:com.leafBot.testcases.TC003_CreateLead@7eac9008]" started-at="2026-04-01T15:35:06 IST" name="createLead" data-provider="fetchData" finished-at="2026-04-01T15:35:08 IST" duration-ms="1175" status="FAIL">
          <params>
            <param index="0">
              <value>
                <![CDATA[DemoSalesManager]]>
              </value>
            </param>
            <param index="1">
              <value>
                <![CDATA[crmsfa]]>
              </value>
            </param>
            <param index="2">
              <value>
                <![CDATA[Qeagle]]>
              </value>
            </param>
            <param index="3">
              <value>
                <![CDATA[Hari]]>
              </value>
            </param>
            <param index="4">
              <value>
                <![CDATA[R]]>
              </value>
            </param>
            <param index="5">
              <value>
                <![CDATA[hari@testleaf.com]]>
              </value>
            </param>
          </params>
          <exception class="java.lang.RuntimeException">
            <message>
              <![CDATA[See the reporter for details.]]>
            </message>
            <full-stacktrace>
              <![CDATA[java.lang.RuntimeException: See the reporter for details.
at utils.Reporter.reportStep(Reporter.java:73)
at utils.Reporter.reportStep(Reporter.java:99)
at com.leafBot.selenium.api.base.SeleniumBase.takeSnap(SeleniumBase.java:469)
at utils.Reporter.reportStep(Reporter.java:67)
at utils.Reporter.reportStep(Reporter.java:99)
at com.leafBot.selenium.api.base.SeleniumBase.click(SeleniumBase.java:39)
at com.leafBot.pages.LoginPage.clickLogin(LoginPage.java:26)
at com.leafBot.testcases.TC003_CreateLead.createLead(TC003_CreateLead.java:26)
at java.base/jdk.internal.reflect.DirectMethodHandleAccessor.invoke(DirectMethodHandleAccessor.java:103)
at java.base/java.lang.reflect.Method.invoke(Method.java:580)
at org.testng.internal.invokers.MethodInvocationHelper.invokeMethod(MethodInvocationHelper.java:141)
at org.testng.internal.invokers.TestInvoker.invokeMethod(TestInvoker.java:686)
at org.testng.internal.invokers.TestInvoker.invokeTestMethod(TestInvoker.java:230)
at org.testng.internal.invokers.MethodRunner.runInSequence(MethodRunner.java:63)
at org.testng.internal.invokers.TestInvoker$MethodInvocationAgent.invoke(TestInvoker.java:992)
at org.testng.internal.invokers.TestInvoker.invokeTestMethods(TestInvoker.java:203)
at org.testng.internal.invokers.TestMethodWorker.invokeTestMethods(TestMethodWorker.java:154)
at org.testng.internal.invokers.TestMethodWorker.run(TestMethodWorker.java:134)
at java.base/java.util.concurrent.Executors$RunnableAdapter.call(Executors.java:572)
at java.base/java.util.concurrent.FutureTask.run(FutureTask.java:317)
at org.testng.internal.thread.graph.TestNGFutureTask.run(TestNGFutureTask.java:22)
at java.base/java.util.concurrent.ThreadPoolExecutor.runWorker(ThreadPoolExecutor.java:1144)
at java.base/java.util.concurrent.ThreadPoolExecutor$Worker.run(ThreadPoolExecutor.java:642)
at java.base/java.lang.Thread.run(Thread.java:1583)
]]>
            </full-stacktrace>
          </exception> <!-- java.lang.RuntimeException -->
          <reporter-output>
          </reporter-output>
        </test-method> <!-- createLead -->
        <test-method is-config="true" signature="afterMethod()[pri:0, instance:com.leafBot.testcases.TC003_CreateLead@7eac9008]" started-at="2026-04-01T15:35:08 IST" name="afterMethod" finished-at="2026-04-01T15:35:08 IST" duration-ms="268" status="PASS">
          <reporter-output>
          </reporter-output>
        </test-method> <!-- afterMethod -->
        <test-method is-config="true" signature="tearDownClass()[pri:0, instance:com.leafBot.testcases.TC003_CreateLead@7eac9008]" started-at="2026-04-01T15:35:08 IST" name="tearDownClass" finished-at="2026-04-01T15:35:08 IST" duration-ms="0" status="PASS">
          <reporter-output>
          </reporter-output>
        </test-method> <!-- tearDownClass -->
      </class> <!-- com.leafBot.testcases.TC003_CreateLead -->
    </test> <!-- Test -->
  </suite> <!-- Suite -->
  <suite started-at="2026-04-01T15:35:08 IST" name="Suite (0)" finished-at="2026-04-01T15:35:38 IST" duration-ms="29820">
    <groups>
      <group name="cucumber">
        <method signature="AbstractTestNGCucumberTests.runScenario(io.cucumber.testng.PickleWrapper,io.cucumber.testng.FeatureWrapper)[pri:0, instance:com.leafBot.testcases.TC001_LoginLogOut@77f1baf5]" name="runScenario" class="io.cucumber.testng.AbstractTestNGCucumberTests"/>
        <method signature="AbstractTestNGCucumberTests.runScenario(io.cucumber.testng.PickleWrapper,io.cucumber.testng.FeatureWrapper)[pri:0, instance:com.leafBot.testcases.TC003_CreateLead@41a2befb]" name="runScenario" class="io.cucumber.testng.AbstractTestNGCucumberTests"/>
      </group> <!-- cucumber -->
    </groups>
    <test started-at="2026-04-01T15:35:08 IST" name="Test" finished-at="2026-04-01T15:35:38 IST" duration-ms="29820">
      <class name="com.leafBot.testcases.TC001_LoginLogOut">
        <test-method is-config="true" signature="startReport()[pri:0, instance:com.leafBot.testcases.TC001_LoginLogOut@77f1baf5]" started-at="2026-04-01T15:35:08 IST" name="startReport" finished-at="2026-04-01T15:35:08 IST" duration-ms="16" status="PASS">
          <reporter-output>
          </reporter-output>
        </test-method> <!-- startReport -->
        <test-method is-config="true" signature="startTestCase()[pri:0, instance:com.leafBot.testcases.TC001_LoginLogOut@77f1baf5]" started-at="2026-04-01T15:35:08 IST" name="startTestCase" finished-at="2026-04-01T15:35:08 IST" duration-ms="0" status="PASS">
          <reporter-output>
          </reporter-output>
        </test-method> <!-- startTestCase -->
        <test-method is-config="true" signature="setUpClass(org.testng.ITestContext)[pri:0, instance:com.leafBot.testcases.TC001_LoginLogOut@77f1baf5]" started-at="2026-04-01T15:35:08 IST" name="setUpClass" finished-at="2026-04-01T15:35:08 IST" duration-ms="0" status="PASS">
          <params>
            <param index="0">
              <value>
                <![CDATA[org.testng.TestRunner@631e06ab]]>
              </value>
            </param>
          </params>
          <reporter-output>
          </reporter-output>
        </test-method> <!-- setUpClass -->
        <test-method is-config="true" signature="setValues()[pri:0, instance:com.leafBot.testcases.TC001_LoginLogOut@77f1baf5]" started-at="2026-04-01T15:35:08 IST" name="setValues" finished-at="2026-04-01T15:35:08 IST" duration-ms="0" status="PASS">
          <reporter-output>
          </reporter-output>
        </test-method> <!-- setValues -->
        <test-method is-config="true" signature="beforeMethod()[pri:0, instance:com.leafBot.testcases.TC001_LoginLogOut@77f1baf5]" started-at="2026-04-01T15:35:09 IST" name="beforeMethod" finished-at="2026-04-01T15:35:18 IST" duration-ms="9431" status="PASS">
          <reporter-output>
          </reporter-output>
        </test-method> <!-- beforeMethod -->
        <test-method signature="runVerifyLogin(java.lang.String,java.lang.String)[pri:0, instance:com.leafBot.testcases.TC001_LoginLogOut@77f1baf5]" started-at="2026-04-01T15:35:18 IST" name="runVerifyLogin" data-provider="fetchData" finished-at="2026-04-01T15:35:20 IST" duration-ms="2091" status="PASS">
          <params>
            <param index="0">
              <value>
                <![CDATA[DemoCSR]]>
              </value>
            </param>
            <param index="1">
              <value>
                <![CDATA[crmsfa]]>
              </value>
            </param>
          </params>
          <reporter-output>
          </reporter-output>
        </test-method> <!-- runVerifyLogin -->
        <test-method is-config="true" signature="afterMethod()[pri:0, instance:com.leafBot.testcases.TC001_LoginLogOut@77f1baf5]" started-at="2026-04-01T15:35:20 IST" name="afterMethod" finished-at="2026-04-01T15:35:21 IST" duration-ms="590" status="PASS">
          <reporter-output>
          </reporter-output>
        </test-method> <!-- afterMethod -->
        <test-method is-config="true" signature="tearDownClass()[pri:0, instance:com.leafBot.testcases.TC001_LoginLogOut@77f1baf5]" started-at="2026-04-01T15:35:21 IST" name="tearDownClass" finished-at="2026-04-01T15:35:21 IST" duration-ms="1" status="PASS">
          <reporter-output>
          </reporter-output>
        </test-method> <!-- tearDownClass -->
        <test-method is-config="true" signature="endResult()[pri:0, instance:com.leafBot.testcases.TC001_LoginLogOut@77f1baf5]" started-at="2026-04-01T15:35:38 IST" name="endResult" finished-at="2026-04-01T15:35:38 IST" duration-ms="176" status="PASS">
          <reporter-output>
          </reporter-output>
        </test-method> <!-- endResult -->
      </class> <!-- com.leafBot.testcases.TC001_LoginLogOut -->
      <class name="com.leafBot.testcases.TC003_CreateLead">
        <test-method is-config="true" signature="setData()[pri:0, instance:com.leafBot.testcases.TC003_CreateLead@41a2befb]" started-at="2026-04-01T15:35:08 IST" name="setData" finished-at="2026-04-01T15:35:08 IST" duration-ms="0" status="PASS">
          <reporter-output>
          </reporter-output>
        </test-method> <!-- setData -->
        <test-method is-config="true" signature="setUpClass(org.testng.ITestContext)[pri:0, instance:com.leafBot.testcases.TC003_CreateLead@41a2befb]" started-at="2026-04-01T15:35:08 IST" name="setUpClass" finished-at="2026-04-01T15:35:08 IST" duration-ms="16" status="PASS">
          <params>
            <param index="0">
              <value>
                <![CDATA[org.testng.TestRunner@631e06ab]]>
              </value>
            </param>
          </params>
          <reporter-output>
          </reporter-output>
        </test-method> <!-- setUpClass -->
        <test-method is-config="true" signature="startTestCase()[pri:0, instance:com.leafBot.testcases.TC003_CreateLead@41a2befb]" started-at="2026-04-01T15:35:08 IST" name="startTestCase" finished-at="2026-04-01T15:35:08 IST" duration-ms="15" status="PASS">
          <reporter-output>
          </reporter-output>
        </test-method> <!-- startTestCase -->
        <test-method is-config="true" signature="beforeMethod()[pri:0, instance:com.leafBot.testcases.TC003_CreateLead@41a2befb]" started-at="2026-04-01T15:35:09 IST" name="beforeMethod" finished-at="2026-04-01T15:35:16 IST" duration-ms="7115" status="PASS">
          <reporter-output>
          </reporter-output>
        </test-method> <!-- beforeMethod -->
        <test-method signature="createLead(java.lang.String,java.lang.String,java.lang.String,java.lang.String,java.lang.String,java.lang.String)[pri:0, instance:com.leafBot.testcases.TC003_CreateLead@41a2befb]" started-at="2026-04-01T15:35:16 IST" name="createLead" data-provider="fetchData" finished-at="2026-04-01T15:35:30 IST" duration-ms="13870" status="PASS">
          <params>
            <param index="0">
              <value>
                <![CDATA[DemoSalesManager]]>
              </value>
            </param>
            <param index="1">
              <value>
                <![CDATA[crmsfa]]>
              </value>
            </param>
            <param index="2">
              <value>
                <![CDATA[TestLeaf]]>
              </value>
            </param>
            <param index="3">
              <value>
                <![CDATA[Babu]]>
              </value>
            </param>
            <param index="4">
              <value>
                <![CDATA[M]]>
              </value>
            </param>
            <param index="5">
              <value>
                <![CDATA[babu@testleaf.com]]>
              </value>
            </param>
          </params>
          <reporter-output>
          </reporter-output>
        </test-method> <!-- createLead -->
        <test-method is-config="true" signature="afterMethod()[pri:0, instance:com.leafBot.testcases.TC003_CreateLead@41a2befb]" started-at="2026-04-01T15:35:30 IST" name="afterMethod" finished-at="2026-04-01T15:35:30 IST" duration-ms="295" status="PASS">
          <reporter-output>
          </reporter-output>
        </test-method> <!-- afterMethod -->
        <test-method is-config="true" signature="beforeMethod()[pri:0, instance:com.leafBot.testcases.TC003_CreateLead@41a2befb]" started-at="2026-04-01T15:35:30 IST" name="beforeMethod" finished-at="2026-04-01T15:35:37 IST" duration-ms="6734" status="PASS">
          <reporter-output>
          </reporter-output>
        </test-method> <!-- beforeMethod -->
        <test-method signature="createLead(java.lang.String,java.lang.String,java.lang.String,java.lang.String,java.lang.String,java.lang.String)[pri:0, instance:com.leafBot.testcases.TC003_CreateLead@41a2befb]" started-at="2026-04-01T15:35:37 IST" name="createLead" data-provider="fetchData" finished-at="2026-04-01T15:35:38 IST" duration-ms="982" status="FAIL">
          <params>
            <param index="0">
              <value>
                <![CDATA[DemoSalesManager]]>
              </value>
            </param>
            <param index="1">
              <value>
                <![CDATA[crmsfa]]>
              </value>
            </param>
            <param index="2">
              <value>
                <![CDATA[Qeagle]]>
              </value>
            </param>
            <param index="3">
              <value>
                <![CDATA[Hari]]>
              </value>
            </param>
            <param index="4">
              <value>
                <![CDATA[R]]>
              </value>
            </param>
            <param index="5">
              <value>
                <![CDATA[hari@testleaf.com]]>
              </value>
            </param>
          </params>
          <exception class="java.lang.RuntimeException">
            <message>
              <![CDATA[See the reporter for details.]]>
            </message>
            <full-stacktrace>
              <![CDATA[java.lang.RuntimeException: See the reporter for details.
at utils.Reporter.reportStep(Reporter.java:73)
at utils.Reporter.reportStep(Reporter.java:99)
at com.leafBot.selenium.api.base.SeleniumBase.takeSnap(SeleniumBase.java:469)
at utils.Reporter.reportStep(Reporter.java:67)
at utils.Reporter.reportStep(Reporter.java:99)
at com.leafBot.selenium.api.base.SeleniumBase.click(SeleniumBase.java:39)
at com.leafBot.pages.LoginPage.clickLogin(LoginPage.java:26)
at com.leafBot.testcases.TC003_CreateLead.createLead(TC003_CreateLead.java:26)
at java.base/jdk.internal.reflect.DirectMethodHandleAccessor.invoke(DirectMethodHandleAccessor.java:103)
at java.base/java.lang.reflect.Method.invoke(Method.java:580)
at org.testng.internal.invokers.MethodInvocationHelper.invokeMethod(MethodInvocationHelper.java:141)
at org.testng.internal.invokers.TestInvoker.invokeMethod(TestInvoker.java:686)
at org.testng.internal.invokers.TestInvoker.invokeTestMethod(TestInvoker.java:230)
at org.testng.internal.invokers.MethodRunner.runInSequence(MethodRunner.java:63)
at org.testng.internal.invokers.TestInvoker$MethodInvocationAgent.invoke(TestInvoker.java:992)
at org.testng.internal.invokers.TestInvoker.invokeTestMethods(TestInvoker.java:203)
at org.testng.internal.invokers.TestMethodWorker.invokeTestMethods(TestMethodWorker.java:154)
at org.testng.internal.invokers.TestMethodWorker.run(TestMethodWorker.java:134)
at java.base/java.util.concurrent.Executors$RunnableAdapter.call(Executors.java:572)
at java.base/java.util.concurrent.FutureTask.run(FutureTask.java:317)
at org.testng.internal.thread.graph.TestNGFutureTask.run(TestNGFutureTask.java:22)
at java.base/java.util.concurrent.ThreadPoolExecutor.runWorker(ThreadPoolExecutor.java:1144)
at java.base/java.util.concurrent.ThreadPoolExecutor$Worker.run(ThreadPoolExecutor.java:642)
at java.base/java.lang.Thread.run(Thread.java:1583)
]]>
            </full-stacktrace>
          </exception> <!-- java.lang.RuntimeException -->
          <reporter-output>
          </reporter-output>
        </test-method> <!-- createLead -->
        <test-method is-config="true" signature="afterMethod()[pri:0, instance:com.leafBot.testcases.TC003_CreateLead@41a2befb]" started-at="2026-04-01T15:35:38 IST" name="afterMethod" finished-at="2026-04-01T15:35:38 IST" duration-ms="561" status="PASS">
          <reporter-output>
          </reporter-output>
        </test-method> <!-- afterMethod -->
        <test-method is-config="true" signature="tearDownClass()[pri:0, instance:com.leafBot.testcases.TC003_CreateLead@41a2befb]" started-at="2026-04-01T15:35:38 IST" name="tearDownClass" finished-at="2026-04-01T15:35:38 IST" duration-ms="1" status="PASS">
          <reporter-output>
          </reporter-output>
        </test-method> <!-- tearDownClass -->
      </class> <!-- com.leafBot.testcases.TC003_CreateLead -->
    </test> <!-- Test -->
  </suite> <!-- Suite (0) -->
</testng-results>
