<?xml version="1.0" encoding="UTF-8"?>
<!-- Generated by org.testng.reporters.JUnitXMLReporter -->
<testsuite ignored="2" hostname="DESKTOP-R4OT8L5" failures="1" tests="3" name="Test" time="29.82" errors="0" timestamp="2026-04-01T15:35:38 IST">
  <testcase classname="com.leafBot.testcases.TC001_LoginLogOut" name="runVerifyLogin" time="2.091"/>
  <testcase classname="com.leafBot.testcases.TC003_CreateLead" name="createLead" time="13.87"/>
  <testcase classname="com.leafBot.testcases.TC003_CreateLead" name="createLead" time="0.982">
    <failure type="java.lang.RuntimeException" message="See the reporter for details.">
      <![CDATA[java.lang.RuntimeException: See the reporter for details.
at utils.Reporter.reportStep(Reporter.java:73)
at utils.Reporter.reportStep(Reporter.java:99)
at com.leafBot.selenium.api.base.SeleniumBase.takeSnap(SeleniumBase.java:469)
at utils.Reporter.reportStep(Reporter.java:67)
at utils.Reporter.reportStep(Reporter.java:99)
at com.leafBot.selenium.api.base.SeleniumBase.click(SeleniumBase.java:39)
at com.leafBot.pages.LoginPage.clickLogin(LoginPage.java:26)
at com.leafBot.testcases.TC003_CreateLead.createLead(TC003_CreateLead.java:26)
at java.base/java.util.concurrent.Executors$RunnableAdapter.call(Executors.java:572)
at java.base/java.util.concurrent.FutureTask.run(FutureTask.java:317)
at java.base/java.util.concurrent.ThreadPoolExecutor.runWorker(ThreadPoolExecutor.java:1144)
at java.base/java.util.concurrent.ThreadPoolExecutor$Worker.run(ThreadPoolExecutor.java:642)
at java.base/java.lang.Thread.run(Thread.java:1583)
... Removed 11 stack frames]]>
    </failure>
  </testcase> <!-- createLead -->
  <testcase classname="utils.Reporter" name="@BeforeSuite startReport" time="0.0">
    <ignored/>
  </testcase> <!-- @BeforeSuite startReport -->
  <testcase classname="utils.Reporter" name="@AfterSuite endResult" time="0.0">
    <ignored/>
  </testcase> <!-- @AfterSuite endResult -->
</testsuite> <!-- Test -->
