<?xml version="1.0" encoding="UTF-8"?>
<testng-results ignored="0" total="1" passed="1" failed="0" skipped="0">
  <reporter-output>
  </reporter-output>
  <suite started-at="2026-03-23T13:05:55 IST" name="Default suite" finished-at="2026-03-23T13:06:33 IST" duration-ms="37902">
    <groups>
    </groups>
    <test started-at="2026-03-23T13:05:55 IST" name="Default test" finished-at="2026-03-23T13:06:33 IST" duration-ms="37902">
      <class name="dbTestOrangeHRM.OrangeHRMTest">
        <test-method signature="CreateEmployee()[pri:0, instance:dbTestOrangeHRM.OrangeHRMTest@55182842]" started-at="2026-03-23T13:05:55 IST" name="CreateEmployee" finished-at="2026-03-23T13:06:33 IST" duration-ms="37795" status="PASS">
          <reporter-output>
          </reporter-output>
        </test-method> <!-- CreateEmployee -->
      </class> <!-- dbTestOrangeHRM.OrangeHRMTest -->
    </test> <!-- Default test -->
  </suite> <!-- Default suite -->
</testng-results>
