<?xml version="1.0" encoding="UTF-8"?>
<!-- Generated by org.testng.reporters.JUnitReportReporter -->
<testsuite hostname="TL0020" failures="0" tests="2" name="com.leafBot.testcases.TC003_CreateLead" time="46.910" errors="0" timestamp="2025-03-06T05:07:53 IST" skipped="0">
  <testcase classname="com.leafBot.testcases.TC003_CreateLead" name="createLead" time="23.769"/>
  <system-out/>
  <testcase classname="com.leafBot.testcases.TC003_CreateLead" name="createLead" time="23.141"/>
  <system-out/>
</testsuite> <!-- com.leafBot.testcases.TC003_CreateLead -->
