<?xml version="1.0" encoding="UTF-8"?>
<!-- Generated by org.testng.reporters.JUnitReportReporter -->
<testsuite hostname="DESKTOP-R4OT8L5" failures="0" tests="2" name="runner.TC_001_PriceComparision" time="4.417" errors="2" timestamp="2026-03-19T21:12:39 IST" skipped="0">
  <testcase classname="runner.TC_001_PriceComparision" name="runScenario" time="2.648">
    <error message="Cannot invoke &quot;org.openqa.selenium.WebDriver.get(String)&quot; because &quot;this.driver&quot; is null" type="java.lang.NullPointerException">
      <![CDATA[java.lang.NullPointerException: Cannot invoke "org.openqa.selenium.WebDriver.get(String)" because "this.driver" is null
at base.BaseClass.loadUrl(BaseClass.java:18)
at stepDefinition.PriceSteps.searchAmazon(PriceSteps.java:23)
at ✽.user searches iPhone XR 64GB Yellow in Amazon(file:///D:/WorkSpace/Selenium/SeleniumAdvancedFramework/src/test/java/features/Amazon.feature:5)
]]>
    </error>
  </testcase> <!-- runScenario -->
  <testcase classname="runner.TC_001_PriceComparision" name="runScenario" time="1.769">
    <error message="Cannot invoke &quot;org.openqa.selenium.WebDriver.get(String)&quot; because &quot;this.driver&quot; is null" type="java.lang.NullPointerException">
      <![CDATA[java.lang.NullPointerException: Cannot invoke "org.openqa.selenium.WebDriver.get(String)" because "this.driver" is null
at base.BaseClass.loadUrl(BaseClass.java:18)
at stepDefinition.InvalidPriceSteps.searchAmazonInvalid(InvalidPriceSteps.java:19)
at ✽.user searches iPhone in Amazon(file:///D:/WorkSpace/Selenium/SeleniumAdvancedFramework/src/test/java/features/Amazon.feature:14)
]]>
    </error>
  </testcase> <!-- runScenario -->
</testsuite> <!-- runner.TC_001_PriceComparision -->
