<?xml version="1.0" encoding="UTF-8"?>
<!-- Generated by org.testng.reporters.JUnitReportReporter -->
<testsuite hostname="DESKTOP-R4OT8L5" failures="0" tests="2" name="com.leafBot.testcases.TC001_LoginLogOut" time="23.604" errors="0" timestamp="2026-04-01T15:35:39 IST" skipped="0">
  <testcase classname="com.leafBot.testcases.TC001_LoginLogOut" name="runVerifyLogin" time="12.112"/>
  <testcase classname="com.leafBot.testcases.TC001_LoginLogOut" name="runVerifyLogin" time="11.492"/>
</testsuite> <!-- com.leafBot.testcases.TC001_LoginLogOut -->
